<?xml version="1.0" encoding="UTF-8"?>
<!-- Generated by org.testng.reporters.JUnitReportReporter -->
<testsuite hostname="DESKTOP-I0CK1RU" failures="0" tests="2" name="qatestings.RSETAPITest" time="0.002" errors="0" timestamp="2022-02-22T17:07:00 IST" skipped="0">
  <testcase classname="qatestings.RSETAPITest" name="postJira" time="0.001"/>
  <system-out/>
  <testcase classname="qatestings.RSETAPITest" name="deleteTwitter" time="0.001"/>
  <system-out/>
</testsuite> <!-- qatestings.RSETAPITest -->
