<?xml version="1.0" encoding="UTF-8"?>
<!-- Generated by org.testng.reporters.JUnitReportReporter -->
<testsuite hostname="DESKTOP-I0CK1RU" failures="0" tests="2" name="qatestings.AppiumTest" time="0.001" errors="0" timestamp="2022-02-22T17:07:00 IST" skipped="0">
  <testcase classname="qatestings.AppiumTest" name="IOSApps" time="0.000"/>
  <system-out/>
  <testcase classname="qatestings.AppiumTest" name="nativeAppsAndroid" time="0.001"/>
  <system-out/>
</testsuite> <!-- qatestings.AppiumTest -->
